  [1m[35m (6.9ms)[0m  [1m[35mCREATE TABLE "schema_migrations" ("version" varchar NOT NULL PRIMARY KEY)[0m
  [1m[35m (5.6ms)[0m  [1m[35mCREATE TABLE "ar_internal_metadata" ("key" varchar NOT NULL PRIMARY KEY, "value" varchar, "created_at" datetime NOT NULL, "updated_at" datetime NOT NULL)[0m
  [1m[36mActiveRecord::SchemaMigration Load (0.1ms)[0m  [1m[34mSELECT "schema_migrations".* FROM "schema_migrations"[0m
Migrating to CreateTweets (20170806140327)
  [1m[35m (0.1ms)[0m  [1m[36mbegin transaction[0m
  [1m[35m (0.4ms)[0m  [1m[35mCREATE TABLE "tweets" ("id" INTEGER PRIMARY KEY AUTOINCREMENT NOT NULL, "username" text, "number" text, "question1" integer, "question2" integer, "question3" integer, "question4" integer, "question5" integer, "question6" integer, "question7" integer, "question8" integer, "question9" integer, "qustion10" integer, "result" integer, "created_at" datetime NOT NULL, "updated_at" datetime NOT NULL)[0m
  [1m[35mSQL (0.1ms)[0m  [1m[32mINSERT INTO "schema_migrations" ("version") VALUES (?)[0m  [["version", "20170806140327"]]
  [1m[35m (4.3ms)[0m  [1m[36mcommit transaction[0m
  [1m[36mActiveRecord::InternalMetadata Load (0.1ms)[0m  [1m[34mSELECT  "ar_internal_metadata".* FROM "ar_internal_metadata" WHERE "ar_internal_metadata"."key" = ? LIMIT ?[0m  [["key", "environment"], ["LIMIT", 1]]
  [1m[35m (0.1ms)[0m  [1m[36mbegin transaction[0m
  [1m[35mSQL (0.2ms)[0m  [1m[32mINSERT INTO "ar_internal_metadata" ("key", "value", "created_at", "updated_at") VALUES (?, ?, ?, ?)[0m  [["key", "environment"], ["value", "development"], ["created_at", "2017-08-06 14:03:36.461687"], ["updated_at", "2017-08-06 14:03:36.461687"]]
  [1m[35m (2.6ms)[0m  [1m[36mcommit transaction[0m
  [1m[36mActiveRecord::SchemaMigration Load (0.1ms)[0m  [1m[34mSELECT "schema_migrations".* FROM "schema_migrations"[0m
Started GET "/" for 127.0.0.1 at 2017-08-06 23:07:43 +0900
  [1m[36mActiveRecord::SchemaMigration Load (0.1ms)[0m  [1m[34mSELECT "schema_migrations".* FROM "schema_migrations"[0m
Processing by Rails::WelcomeController#index as HTML
  Parameters: {"internal"=>true}
  Rendering /var/lib/gems/2.3.0/gems/railties-5.0.4/lib/rails/templates/rails/welcome/index.html.erb
  Rendered /var/lib/gems/2.3.0/gems/railties-5.0.4/lib/rails/templates/rails/welcome/index.html.erb (3.3ms)
Completed 200 OK in 35ms (Views: 11.1ms | ActiveRecord: 0.0ms)


Started GET "/tweets/new" for 127.0.0.1 at 2017-08-06 23:07:51 +0900
  
SyntaxError (/home/mikimiki/デスクトップ/NewSystem/app/controllers/tweets_controller.rb:9: syntax error, unexpected keyword_def, expecting keyword_end
  end  def index
          ^
/home/mikimiki/デスクトップ/NewSystem/app/controllers/tweets_controller.rb:37: syntax error, unexpected end-of-input, expecting keyword_end):
  
app/controllers/tweets_controller.rb:9: syntax error, unexpected keyword_def, expecting keyword_end
app/controllers/tweets_controller.rb:37: syntax error, unexpected end-of-input, expecting keyword_end
  Rendering /var/lib/gems/2.3.0/gems/actionpack-5.0.4/lib/action_dispatch/middleware/templates/rescues/diagnostics.html.erb within rescues/layout
  Rendering /var/lib/gems/2.3.0/gems/actionpack-5.0.4/lib/action_dispatch/middleware/templates/rescues/_source.html.erb
  Rendered /var/lib/gems/2.3.0/gems/actionpack-5.0.4/lib/action_dispatch/middleware/templates/rescues/_source.html.erb (8.6ms)
  Rendering /var/lib/gems/2.3.0/gems/actionpack-5.0.4/lib/action_dispatch/middleware/templates/rescues/_trace.html.erb
  Rendered /var/lib/gems/2.3.0/gems/actionpack-5.0.4/lib/action_dispatch/middleware/templates/rescues/_trace.html.erb (2.0ms)
  Rendering /var/lib/gems/2.3.0/gems/actionpack-5.0.4/lib/action_dispatch/middleware/templates/rescues/_request_and_response.html.erb
  Rendered /var/lib/gems/2.3.0/gems/actionpack-5.0.4/lib/action_dispatch/middleware/templates/rescues/_request_and_response.html.erb (1.2ms)
  Rendered /var/lib/gems/2.3.0/gems/actionpack-5.0.4/lib/action_dispatch/middleware/templates/rescues/diagnostics.html.erb within rescues/layout (53.5ms)
Started GET "/tweets/new" for 127.0.0.1 at 2017-08-06 23:08:24 +0900
  
SyntaxError (/home/mikimiki/デスクトップ/NewSystem/app/controllers/tweets_controller.rb:30: syntax error, unexpected end-of-input, expecting keyword_end):
  
app/controllers/tweets_controller.rb:30: syntax error, unexpected end-of-input, expecting keyword_end
  Rendering /var/lib/gems/2.3.0/gems/actionpack-5.0.4/lib/action_dispatch/middleware/templates/rescues/diagnostics.html.erb within rescues/layout
  Rendering /var/lib/gems/2.3.0/gems/actionpack-5.0.4/lib/action_dispatch/middleware/templates/rescues/_source.html.erb
  Rendered /var/lib/gems/2.3.0/gems/actionpack-5.0.4/lib/action_dispatch/middleware/templates/rescues/_source.html.erb (3.0ms)
  Rendering /var/lib/gems/2.3.0/gems/actionpack-5.0.4/lib/action_dispatch/middleware/templates/rescues/_trace.html.erb
  Rendered /var/lib/gems/2.3.0/gems/actionpack-5.0.4/lib/action_dispatch/middleware/templates/rescues/_trace.html.erb (6.3ms)
  Rendering /var/lib/gems/2.3.0/gems/actionpack-5.0.4/lib/action_dispatch/middleware/templates/rescues/_request_and_response.html.erb
  Rendered /var/lib/gems/2.3.0/gems/actionpack-5.0.4/lib/action_dispatch/middleware/templates/rescues/_request_and_response.html.erb (4.3ms)
  Rendered /var/lib/gems/2.3.0/gems/actionpack-5.0.4/lib/action_dispatch/middleware/templates/rescues/diagnostics.html.erb within rescues/layout (41.3ms)
Started GET "/tweets/new" for 127.0.0.1 at 2017-08-06 23:08:47 +0900
Processing by TweetsController#new as HTML
  Rendering tweets/new.html.erb within layouts/application
  Rendered tweets/new.html.erb within layouts/application (101.9ms)
Completed 500 Internal Server Error in 164ms (ActiveRecord: 5.1ms)


  
ActionView::Template::Error (undefined method `question10' for #<Tweet:0x000000030dccc8>
Did you mean?  question1
               qustion10
               question1?
               question1=
               qustion10?
               qustion10=
               question9
               question8
               question7
               question6
               question5
               question4
               question3
               question2
               question9?
               question8?
               question7?
               question6?
               question5?
               question4?
               question3?
               question2?
               question9=
               question8=
               question7=
               question6=
               question5=
               question4=
               question3=
               question2=):
    69: 	<p>友達に注意ができる。<p>
    70:         <% 1.upto(5) do |j| %>
    71:                 <%= f.label j %>
    72:                 <%= f.radio_button :question10, j %>     
    73:         <% end %>
    74:         <br>
    75: 	<%= f.submit "送信する" %>
  
app/views/tweets/new.html.erb:72:in `block (2 levels) in _app_views_tweets_new_html_erb___3668500961232062986_19341700'
app/views/tweets/new.html.erb:70:in `upto'
app/views/tweets/new.html.erb:70:in `block in _app_views_tweets_new_html_erb___3668500961232062986_19341700'
app/views/tweets/new.html.erb:1:in `_app_views_tweets_new_html_erb___3668500961232062986_19341700'
  Rendering /var/lib/gems/2.3.0/gems/actionpack-5.0.4/lib/action_dispatch/middleware/templates/rescues/template_error.html.erb within rescues/layout
  Rendering /var/lib/gems/2.3.0/gems/actionpack-5.0.4/lib/action_dispatch/middleware/templates/rescues/_source.html.erb
  Rendered /var/lib/gems/2.3.0/gems/actionpack-5.0.4/lib/action_dispatch/middleware/templates/rescues/_source.html.erb (10.4ms)
  Rendering /var/lib/gems/2.3.0/gems/actionpack-5.0.4/lib/action_dispatch/middleware/templates/rescues/_trace.html.erb
  Rendered /var/lib/gems/2.3.0/gems/actionpack-5.0.4/lib/action_dispatch/middleware/templates/rescues/_trace.html.erb (9.9ms)
  Rendering /var/lib/gems/2.3.0/gems/actionpack-5.0.4/lib/action_dispatch/middleware/templates/rescues/_request_and_response.html.erb
  Rendered /var/lib/gems/2.3.0/gems/actionpack-5.0.4/lib/action_dispatch/middleware/templates/rescues/_request_and_response.html.erb (4.7ms)
  Rendered /var/lib/gems/2.3.0/gems/actionpack-5.0.4/lib/action_dispatch/middleware/templates/rescues/template_error.html.erb within rescues/layout (63.6ms)
Started GET "/tweets/new" for 127.0.0.1 at 2017-08-06 23:10:16 +0900
  [1m[36mActiveRecord::SchemaMigration Load (0.1ms)[0m  [1m[34mSELECT "schema_migrations".* FROM "schema_migrations"[0m
Processing by TweetsController#new as HTML
  Rendering tweets/new.html.erb within layouts/application
  Rendered tweets/new.html.erb within layouts/application (90.7ms)
Completed 200 OK in 889ms (Views: 873.5ms | ActiveRecord: 0.5ms)


Started POST "/tweets" for 127.0.0.1 at 2017-08-06 23:10:38 +0900
Processing by TweetsController#create as HTML
  Parameters: {"utf8"=>"✓", "authenticity_token"=>"pLnhHZwLJlQcQe5rz+9YArdL7gYSmd+iQgSUGV7u/t67r2xaQRtnMsvWQxz+zDEGwLn1mL2UAcepyfWeS2Hd2g==", "tweet"=>{"username"=>"1", "number"=>"aaa", "question1"=>"1", "question2"=>"1", "question3"=>"1", "question4"=>"1", "question5"=>"1", "question6"=>"1", "question7"=>"1", "question8"=>"1", "question9"=>"1", "qustion10"=>"1"}, "commit"=>"送信する"}
Completed 500 Internal Server Error in 65ms (ActiveRecord: 0.0ms)


  
NoMethodError (undefined method `question10=' for #<Tweet:0x007f8cd1eeb960>
Did you mean?  question1=
               qustion10=
               question1
               qustion10
               question1?
               question9=
               question8=
               question7=
               question6=
               question5=
               question4=
               question3=
               question2=
               qustion10?
               question9
               question8
               question7
               question6
               question5
               question4
               question3
               question2
               question9?
               question8?
               question7?
               question6?
               question5?
               question4?
               question3?
               question2?):
  
app/controllers/tweets_controller.rb:25:in `create'
  Rendering /var/lib/gems/2.3.0/gems/actionpack-5.0.4/lib/action_dispatch/middleware/templates/rescues/diagnostics.html.erb within rescues/layout
  Rendering /var/lib/gems/2.3.0/gems/actionpack-5.0.4/lib/action_dispatch/middleware/templates/rescues/_source.html.erb
  Rendered /var/lib/gems/2.3.0/gems/actionpack-5.0.4/lib/action_dispatch/middleware/templates/rescues/_source.html.erb (2.3ms)
  Rendering /var/lib/gems/2.3.0/gems/actionpack-5.0.4/lib/action_dispatch/middleware/templates/rescues/_trace.html.erb
  Rendered /var/lib/gems/2.3.0/gems/actionpack-5.0.4/lib/action_dispatch/middleware/templates/rescues/_trace.html.erb (3.5ms)
  Rendering /var/lib/gems/2.3.0/gems/actionpack-5.0.4/lib/action_dispatch/middleware/templates/rescues/_request_and_response.html.erb
  Rendered /var/lib/gems/2.3.0/gems/actionpack-5.0.4/lib/action_dispatch/middleware/templates/rescues/_request_and_response.html.erb (1.4ms)
  Rendered /var/lib/gems/2.3.0/gems/actionpack-5.0.4/lib/action_dispatch/middleware/templates/rescues/diagnostics.html.erb within rescues/layout (24.7ms)
Started POST "/tweets" for 127.0.0.1 at 2017-08-06 23:11:32 +0900
  [1m[36mActiveRecord::SchemaMigration Load (0.1ms)[0m  [1m[34mSELECT "schema_migrations".* FROM "schema_migrations"[0m
Processing by TweetsController#create as HTML
  Parameters: {"utf8"=>"✓", "authenticity_token"=>"pLnhHZwLJlQcQe5rz+9YArdL7gYSmd+iQgSUGV7u/t67r2xaQRtnMsvWQxz+zDEGwLn1mL2UAcepyfWeS2Hd2g==", "tweet"=>{"username"=>"1", "number"=>"aaa", "question1"=>"1", "question2"=>"1", "question3"=>"1", "question4"=>"1", "question5"=>"1", "question6"=>"1", "question7"=>"1", "question8"=>"1", "question9"=>"1", "qustion10"=>"1"}, "commit"=>"送信する"}
  [1m[35m (0.1ms)[0m  [1m[36mbegin transaction[0m
  [1m[35mSQL (2.0ms)[0m  [1m[32mINSERT INTO "tweets" ("username", "number", "question1", "question2", "question3", "question4", "question5", "question6", "question7", "question8", "question9", "result", "created_at", "updated_at") VALUES (?, ?, ?, ?, ?, ?, ?, ?, ?, ?, ?, ?, ?, ?)[0m  [["username", "1"], ["number", "aaa"], ["question1", 1], ["question2", 1], ["question3", 1], ["question4", 1], ["question5", 1], ["question6", 1], ["question7", 1], ["question8", 1], ["question9", 1], ["result", 1111111111], ["created_at", "2017-08-06 14:11:32.599310"], ["updated_at", "2017-08-06 14:11:32.599310"]]
  [1m[35m (11.4ms)[0m  [1m[36mcommit transaction[0m
Redirected to http://localhost:3000/tweets/index
Completed 302 Found in 105ms (ActiveRecord: 14.7ms)


Started GET "/tweets/index" for 127.0.0.1 at 2017-08-06 23:11:32 +0900
Processing by TweetsController#index as HTML
  Rendering tweets/index.html.erb within layouts/application
  Rendered tweets/index.html.erb within layouts/application (1.3ms)
Completed 200 OK in 383ms (Views: 370.1ms | ActiveRecord: 0.0ms)


Started GET "/tweets/index" for 127.0.0.1 at 2017-08-06 23:12:48 +0900
  [1m[36mActiveRecord::SchemaMigration Load (0.1ms)[0m  [1m[34mSELECT "schema_migrations".* FROM "schema_migrations"[0m
Processing by TweetsController#index as HTML
  Rendering tweets/index.html.erb within layouts/application
  Rendered tweets/index.html.erb within layouts/application (1.1ms)
Completed 200 OK in 350ms (Views: 334.4ms | ActiveRecord: 0.0ms)


Started GET "/tweets/show" for 127.0.0.1 at 2017-08-06 23:12:54 +0900
Processing by TweetsController#show as HTML
  Rendering tweets/show.html.erb within layouts/application
  [1m[36mTweet Load (0.4ms)[0m  [1m[34mSELECT "tweets".* FROM "tweets"[0m
  Rendered tweets/show.html.erb within layouts/application (111.7ms)
Completed 500 Internal Server Error in 120ms (ActiveRecord: 0.9ms)


  
ActionView::Template::Error (undefined method `question10' for #<Tweet:0x007f40f622c250>
Did you mean?  question1
               qustion10
               question1?
               question1=
               qustion10?
               qustion10=
               question9
               question8
               question7
               question6
               question5
               question4
               question3
               question2
               question9?
               question8?
               question7?
               question6?
               question5?
               question4?
               question3?
               question2?
               question9=
               question8=
               question7=
               question6=
               question5=
               question4=
               question3=
               question2=):
    12: <%= tweet.question7 %>
    13: <%= tweet.question8 %>
    14: <%= tweet.question9 %>
    15: <%= tweet.question10 %>
    16: <%= tweet.result%></p>
    17: 
    18: <%end%>
  
app/views/tweets/show.html.erb:15:in `block in _app_views_tweets_show_html_erb___3809777090853474953_69958541442400'
app/views/tweets/show.html.erb:3:in `_app_views_tweets_show_html_erb___3809777090853474953_69958541442400'
  Rendering /var/lib/gems/2.3.0/gems/actionpack-5.0.4/lib/action_dispatch/middleware/templates/rescues/template_error.html.erb within rescues/layout
  Rendering /var/lib/gems/2.3.0/gems/actionpack-5.0.4/lib/action_dispatch/middleware/templates/rescues/_source.html.erb
  Rendered /var/lib/gems/2.3.0/gems/actionpack-5.0.4/lib/action_dispatch/middleware/templates/rescues/_source.html.erb (6.0ms)
  Rendering /var/lib/gems/2.3.0/gems/actionpack-5.0.4/lib/action_dispatch/middleware/templates/rescues/_trace.html.erb
  Rendered /var/lib/gems/2.3.0/gems/actionpack-5.0.4/lib/action_dispatch/middleware/templates/rescues/_trace.html.erb (1.5ms)
  Rendering /var/lib/gems/2.3.0/gems/actionpack-5.0.4/lib/action_dispatch/middleware/templates/rescues/_request_and_response.html.erb
  Rendered /var/lib/gems/2.3.0/gems/actionpack-5.0.4/lib/action_dispatch/middleware/templates/rescues/_request_and_response.html.erb (0.8ms)
  Rendered /var/lib/gems/2.3.0/gems/actionpack-5.0.4/lib/action_dispatch/middleware/templates/rescues/template_error.html.erb within rescues/layout (39.7ms)
Started GET "/tweets/show" for 127.0.0.1 at 2017-08-06 23:13:15 +0900
  [1m[36mActiveRecord::SchemaMigration Load (0.1ms)[0m  [1m[34mSELECT "schema_migrations".* FROM "schema_migrations"[0m
Processing by TweetsController#show as HTML
  Rendering tweets/show.html.erb within layouts/application
  [1m[36mTweet Load (0.8ms)[0m  [1m[34mSELECT "tweets".* FROM "tweets"[0m
  Rendered tweets/show.html.erb within layouts/application (27.9ms)
Completed 200 OK in 399ms (Views: 377.2ms | ActiveRecord: 1.3ms)


Started GET "/tweets/new" for 127.0.0.1 at 2017-08-06 23:21:57 +0900
  [1m[36mActiveRecord::SchemaMigration Load (0.2ms)[0m  [1m[34mSELECT "schema_migrations".* FROM "schema_migrations"[0m
Processing by TweetsController#new as HTML
  Rendering tweets/new.html.erb within layouts/application
  Rendered tweets/new.html.erb within layouts/application (74.6ms)
Completed 200 OK in 360ms (Views: 342.8ms | ActiveRecord: 0.7ms)


Started POST "/tweets" for 127.0.0.1 at 2017-08-06 23:22:15 +0900
Processing by TweetsController#create as HTML
  Parameters: {"utf8"=>"✓", "authenticity_token"=>"jd0U4ctP4JsEonyZz+s4yTSiU5sUiOwt7JNGckaf/yuSy5mmFl+h/dM10e7+yFHNQ1BIBbuFMkgHXif1UxDcLw==", "tweet"=>{"username"=>"1", "number"=>"aaa", "question1"=>"1", "question2"=>"1", "question3"=>"1", "question4"=>"1", "question5"=>"1", "question6"=>"1", "question7"=>"1", "question8"=>"1", "question9"=>"1", "qustion10"=>"1"}, "commit"=>"送信する"}
  [1m[35m (0.3ms)[0m  [1m[36mbegin transaction[0m
  [1m[35mSQL (4.2ms)[0m  [1m[32mINSERT INTO "tweets" ("username", "number", "question1", "question2", "question3", "question4", "question5", "question6", "question7", "question8", "question9", "result", "created_at", "updated_at") VALUES (?, ?, ?, ?, ?, ?, ?, ?, ?, ?, ?, ?, ?, ?)[0m  [["username", "1"], ["number", "aaa"], ["question1", 1], ["question2", 1], ["question3", 1], ["question4", 1], ["question5", 1], ["question6", 1], ["question7", 1], ["question8", 1], ["question9", 1], ["result", 10], ["created_at", "2017-08-06 14:22:15.024097"], ["updated_at", "2017-08-06 14:22:15.024097"]]
  [1m[35m (6.6ms)[0m  [1m[36mcommit transaction[0m
Redirected to http://localhost:3000/tweets/index
Completed 302 Found in 15ms (ActiveRecord: 11.1ms)


Started GET "/tweets/index" for 127.0.0.1 at 2017-08-06 23:22:15 +0900
Processing by TweetsController#index as HTML
  Rendering tweets/index.html.erb within layouts/application
  Rendered tweets/index.html.erb within layouts/application (0.3ms)
Completed 200 OK in 74ms (Views: 72.1ms | ActiveRecord: 0.0ms)


Started GET "/tweets/show" for 127.0.0.1 at 2017-08-06 23:22:23 +0900
Processing by TweetsController#show as HTML
  Rendering tweets/show.html.erb within layouts/application
  [1m[36mTweet Load (0.2ms)[0m  [1m[34mSELECT "tweets".* FROM "tweets"[0m
  Rendered tweets/show.html.erb within layouts/application (1.7ms)
Completed 200 OK in 70ms (Views: 68.8ms | ActiveRecord: 0.2ms)


  [1m[36mActiveRecord::SchemaMigration Load (0.1ms)[0m  [1m[34mSELECT "schema_migrations".* FROM "schema_migrations"[0m
  [1m[35m (0.1ms)[0m  [1m[34mSELECT "ar_internal_metadata"."value" FROM "ar_internal_metadata" WHERE "ar_internal_metadata"."key" = ?[0m  [["key", "environment"]]
  [1m[36mActiveRecord::SchemaMigration Load (0.1ms)[0m  [1m[34mSELECT "schema_migrations".* FROM "schema_migrations"[0m
  [1m[35m (0.0ms)[0m  [1m[34mSELECT "ar_internal_metadata"."value" FROM "ar_internal_metadata" WHERE "ar_internal_metadata"."key" = ?[0m  [["key", "environment"]]
  [1m[36mActiveRecord::SchemaMigration Load (0.0ms)[0m  [1m[34mSELECT "schema_migrations".* FROM "schema_migrations"[0m
  [1m[35m (0.0ms)[0m  [1m[34mSELECT "ar_internal_metadata"."value" FROM "ar_internal_metadata" WHERE "ar_internal_metadata"."key" = ?[0m  [["key", "environment"]]
  [1m[35m (6.5ms)[0m  [1m[35mCREATE TABLE "tweets" ("id" INTEGER PRIMARY KEY AUTOINCREMENT NOT NULL, "username" text, "number" text, "question1" integer, "question2" integer, "question3" integer, "question4" integer, "question5" integer, "question6" integer, "question7" integer, "question8" integer, "question9" integer, "qustion10" integer, "result" integer, "created_at" datetime NOT NULL, "updated_at" datetime NOT NULL)[0m
  [1m[35m (4.7ms)[0m  [1m[35mCREATE TABLE "schema_migrations" ("version" varchar NOT NULL PRIMARY KEY)[0m
  [1m[35m (0.1ms)[0m  [1m[34mSELECT version FROM "schema_migrations"[0m
  [1m[35m (3.1ms)[0m  [1m[32mINSERT INTO "schema_migrations" (version) VALUES (20170806140327)[0m
  [1m[35m (28.5ms)[0m  [1m[35mCREATE TABLE "ar_internal_metadata" ("key" varchar NOT NULL PRIMARY KEY, "value" varchar, "created_at" datetime NOT NULL, "updated_at" datetime NOT NULL)[0m
  [1m[36mActiveRecord::InternalMetadata Load (0.2ms)[0m  [1m[34mSELECT  "ar_internal_metadata".* FROM "ar_internal_metadata" WHERE "ar_internal_metadata"."key" = ? LIMIT ?[0m  [["key", "environment"], ["LIMIT", 1]]
  [1m[35m (0.0ms)[0m  [1m[36mbegin transaction[0m
  [1m[35mSQL (0.2ms)[0m  [1m[32mINSERT INTO "ar_internal_metadata" ("key", "value", "created_at", "updated_at") VALUES (?, ?, ?, ?)[0m  [["key", "environment"], ["value", "development"], ["created_at", "2017-08-06 14:25:13.421874"], ["updated_at", "2017-08-06 14:25:13.421874"]]
  [1m[35m (3.2ms)[0m  [1m[36mcommit transaction[0m
  [1m[36mActiveRecord::InternalMetadata Load (0.1ms)[0m  [1m[34mSELECT  "ar_internal_metadata".* FROM "ar_internal_metadata" WHERE "ar_internal_metadata"."key" = ? LIMIT ?[0m  [["key", "environment"], ["LIMIT", 1]]
  [1m[35m (0.0ms)[0m  [1m[36mbegin transaction[0m
  [1m[35m (0.0ms)[0m  [1m[36mcommit transaction[0m
  [1m[35m (3.7ms)[0m  [1m[35mCREATE TABLE "tweets" ("id" INTEGER PRIMARY KEY AUTOINCREMENT NOT NULL, "username" text, "number" text, "question1" integer, "question2" integer, "question3" integer, "question4" integer, "question5" integer, "question6" integer, "question7" integer, "question8" integer, "question9" integer, "qustion10" integer, "result" integer, "created_at" datetime NOT NULL, "updated_at" datetime NOT NULL)[0m
  [1m[35m (3.9ms)[0m  [1m[35mCREATE TABLE "schema_migrations" ("version" varchar NOT NULL PRIMARY KEY)[0m
  [1m[35m (0.2ms)[0m  [1m[34mSELECT version FROM "schema_migrations"[0m
  [1m[35m (3.9ms)[0m  [1m[32mINSERT INTO "schema_migrations" (version) VALUES (20170806140327)[0m
  [1m[35m (3.9ms)[0m  [1m[35mCREATE TABLE "ar_internal_metadata" ("key" varchar NOT NULL PRIMARY KEY, "value" varchar, "created_at" datetime NOT NULL, "updated_at" datetime NOT NULL)[0m
  [1m[36mActiveRecord::InternalMetadata Load (0.1ms)[0m  [1m[34mSELECT  "ar_internal_metadata".* FROM "ar_internal_metadata" WHERE "ar_internal_metadata"."key" = ? LIMIT ?[0m  [["key", "environment"], ["LIMIT", 1]]
  [1m[35m (0.0ms)[0m  [1m[36mbegin transaction[0m
  [1m[35mSQL (0.1ms)[0m  [1m[32mINSERT INTO "ar_internal_metadata" ("key", "value", "created_at", "updated_at") VALUES (?, ?, ?, ?)[0m  [["key", "environment"], ["value", "development"], ["created_at", "2017-08-06 14:25:13.451968"], ["updated_at", "2017-08-06 14:25:13.451968"]]
  [1m[35m (5.2ms)[0m  [1m[36mcommit transaction[0m
  [1m[36mActiveRecord::InternalMetadata Load (0.1ms)[0m  [1m[34mSELECT  "ar_internal_metadata".* FROM "ar_internal_metadata" WHERE "ar_internal_metadata"."key" = ? LIMIT ?[0m  [["key", "environment"], ["LIMIT", 1]]
  [1m[35m (0.2ms)[0m  [1m[36mbegin transaction[0m
  [1m[35m (0.1ms)[0m  [1m[36mcommit transaction[0m
  [1m[36mActiveRecord::SchemaMigration Load (0.1ms)[0m  [1m[34mSELECT "schema_migrations".* FROM "schema_migrations"[0m
Started GET "/tweets/show" for 127.0.0.1 at 2017-08-06 23:25:21 +0900
  [1m[36mActiveRecord::SchemaMigration Load (0.1ms)[0m  [1m[34mSELECT "schema_migrations".* FROM "schema_migrations"[0m
Processing by TweetsController#show as HTML
  Rendering tweets/show.html.erb within layouts/application
  [1m[36mTweet Load (0.2ms)[0m  [1m[34mSELECT "tweets".* FROM "tweets"[0m
  Rendered tweets/show.html.erb within layouts/application (3.3ms)
Completed 200 OK in 530ms (Views: 505.2ms | ActiveRecord: 0.4ms)


Started GET "/tweets/new" for 127.0.0.1 at 2017-08-06 23:25:32 +0900
Processing by TweetsController#new as HTML
  Rendering tweets/new.html.erb within layouts/application
  Rendered tweets/new.html.erb within layouts/application (137.3ms)
Completed 200 OK in 199ms (Views: 197.2ms | ActiveRecord: 0.3ms)


Started POST "/tweets" for 127.0.0.1 at 2017-08-06 23:26:00 +0900
Processing by TweetsController#create as HTML
  Parameters: {"utf8"=>"✓", "authenticity_token"=>"n+gHnjqpiS2fB++jQFAZPZJdNy+2Y/t9EtQY/TtamfmA/orZ57nIS0iQQtRxc3A55a8ssRluJRj5GXl6LtW6/Q==", "tweet"=>{"username"=>"1146939", "number"=>"谷口響", "question1"=>"1", "question2"=>"1", "question3"=>"3", "question4"=>"3", "question5"=>"3", "question6"=>"3", "question7"=>"3", "question8"=>"3", "question9"=>"3", "qustion10"=>"3"}, "commit"=>"送信する"}
  [1m[35m (0.3ms)[0m  [1m[36mbegin transaction[0m
  [1m[35mSQL (4.2ms)[0m  [1m[32mINSERT INTO "tweets" ("username", "number", "question1", "question2", "question3", "question4", "question5", "question6", "question7", "question8", "question9", "result", "created_at", "updated_at") VALUES (?, ?, ?, ?, ?, ?, ?, ?, ?, ?, ?, ?, ?, ?)[0m  [["username", "1146939"], ["number", "谷口響"], ["question1", 1], ["question2", 1], ["question3", 3], ["question4", 3], ["question5", 3], ["question6", 3], ["question7", 3], ["question8", 3], ["question9", 3], ["result", 26], ["created_at", "2017-08-06 14:26:00.406453"], ["updated_at", "2017-08-06 14:26:00.406453"]]
  [1m[35m (4.0ms)[0m  [1m[36mcommit transaction[0m
Redirected to http://localhost:3000/tweets/index
Completed 302 Found in 38ms (ActiveRecord: 8.5ms)


Started GET "/tweets/index" for 127.0.0.1 at 2017-08-06 23:26:00 +0900
Processing by TweetsController#index as HTML
  Rendering tweets/index.html.erb within layouts/application
  Rendered tweets/index.html.erb within layouts/application (1.2ms)
Completed 200 OK in 171ms (Views: 169.4ms | ActiveRecord: 0.0ms)


Started GET "/tweets/new" for 127.0.0.1 at 2017-08-06 23:26:09 +0900
Processing by TweetsController#new as HTML
  Rendering tweets/new.html.erb within layouts/application
  Rendered tweets/new.html.erb within layouts/application (66.9ms)
Completed 200 OK in 134ms (Views: 132.3ms | ActiveRecord: 0.0ms)


Started GET "/tweets/show" for 127.0.0.1 at 2017-08-06 23:26:11 +0900
Processing by TweetsController#show as HTML
  Rendering tweets/show.html.erb within layouts/application
  [1m[36mTweet Load (0.2ms)[0m  [1m[34mSELECT "tweets".* FROM "tweets"[0m
  Rendered tweets/show.html.erb within layouts/application (5.3ms)
Completed 200 OK in 66ms (Views: 65.3ms | ActiveRecord: 0.2ms)


Started POST "/tweets" for 127.0.0.1 at 2017-08-06 23:26:39 +0900
Processing by TweetsController#create as HTML
  Parameters: {"utf8"=>"✓", "authenticity_token"=>"X+X936TjQFDlHvosGsoX1MkwKCIlKj40s8oFR8fLoK9A83CYefMBNjKJV1sr6X7QvsIzvIon4FFYB2TA0kSDqw==", "tweet"=>{"username"=>"112413", "number"=>"阿南太郎", "question1"=>"1", "question2"=>"1", "question3"=>"2", "question4"=>"4", "question5"=>"2", "question6"=>"4", "question7"=>"3", "question8"=>"1", "question9"=>"5", "qustion10"=>"5"}, "commit"=>"送信する"}
  [1m[35m (0.1ms)[0m  [1m[36mbegin transaction[0m
  [1m[35mSQL (4.9ms)[0m  [1m[32mINSERT INTO "tweets" ("username", "number", "question1", "question2", "question3", "question4", "question5", "question6", "question7", "question8", "question9", "result", "created_at", "updated_at") VALUES (?, ?, ?, ?, ?, ?, ?, ?, ?, ?, ?, ?, ?, ?)[0m  [["username", "112413"], ["number", "阿南太郎"], ["question1", 1], ["question2", 1], ["question3", 2], ["question4", 4], ["question5", 2], ["question6", 4], ["question7", 3], ["question8", 1], ["question9", 5], ["result", 28], ["created_at", "2017-08-06 14:26:39.550803"], ["updated_at", "2017-08-06 14:26:39.550803"]]
  [1m[35m (4.8ms)[0m  [1m[36mcommit transaction[0m
Redirected to http://localhost:3000/tweets/index
Completed 302 Found in 14ms (ActiveRecord: 9.8ms)


Started GET "/tweets/index" for 127.0.0.1 at 2017-08-06 23:26:39 +0900
Processing by TweetsController#index as HTML
  Rendering tweets/index.html.erb within layouts/application
  Rendered tweets/index.html.erb within layouts/application (0.6ms)
Completed 200 OK in 49ms (Views: 47.9ms | ActiveRecord: 0.0ms)


Started GET "/tweets/show" for 127.0.0.1 at 2017-08-06 23:26:42 +0900
Processing by TweetsController#show as HTML
  Rendering tweets/show.html.erb within layouts/application
  [1m[36mTweet Load (0.4ms)[0m  [1m[34mSELECT "tweets".* FROM "tweets"[0m
  Rendered tweets/show.html.erb within layouts/application (2.9ms)
Completed 200 OK in 55ms (Views: 54.0ms | ActiveRecord: 0.4ms)


Started GET "/tweets/new" for 127.0.0.1 at 2017-08-06 23:26:51 +0900
Processing by TweetsController#new as HTML
  Rendering tweets/new.html.erb within layouts/application
  Rendered tweets/new.html.erb within layouts/application (41.8ms)
Completed 200 OK in 104ms (Views: 102.1ms | ActiveRecord: 0.0ms)


Started POST "/tweets" for 127.0.0.1 at 2017-08-06 23:27:24 +0900
Processing by TweetsController#create as HTML
  Parameters: {"utf8"=>"✓", "authenticity_token"=>"jV1Qqm1k/ux+wkcFaAXz+Skjg7roHot0Rlz1Ja9OLo6SS93tsHS/iqlV6nJZJpr9XtGYJEcTVRGtkZSiusENig==", "tweet"=>{"username"=>"阿南次郎", "number"=>"112535", "question1"=>"1", "question2"=>"1", "question3"=>"4", "question4"=>"2", "question5"=>"4", "question6"=>"1", "question7"=>"5", "question8"=>"2", "question9"=>"4", "qustion10"=>"3"}, "commit"=>"送信する"}
  [1m[35m (0.1ms)[0m  [1m[36mbegin transaction[0m
  [1m[35mSQL (2.2ms)[0m  [1m[32mINSERT INTO "tweets" ("username", "number", "question1", "question2", "question3", "question4", "question5", "question6", "question7", "question8", "question9", "result", "created_at", "updated_at") VALUES (?, ?, ?, ?, ?, ?, ?, ?, ?, ?, ?, ?, ?, ?)[0m  [["username", "阿南次郎"], ["number", "112535"], ["question1", 1], ["question2", 1], ["question3", 4], ["question4", 2], ["question5", 4], ["question6", 1], ["question7", 5], ["question8", 2], ["question9", 4], ["result", 27], ["created_at", "2017-08-06 14:27:24.645447"], ["updated_at", "2017-08-06 14:27:24.645447"]]
  [1m[35m (6.1ms)[0m  [1m[36mcommit transaction[0m
Redirected to http://localhost:3000/tweets/index
Completed 302 Found in 16ms (ActiveRecord: 8.3ms)


Started GET "/tweets/index" for 127.0.0.1 at 2017-08-06 23:27:24 +0900
Processing by TweetsController#index as HTML
  Rendering tweets/index.html.erb within layouts/application
  Rendered tweets/index.html.erb within layouts/application (0.5ms)
Completed 200 OK in 95ms (Views: 87.0ms | ActiveRecord: 0.0ms)


Started GET "/tweets/show" for 127.0.0.1 at 2017-08-06 23:27:26 +0900
Processing by TweetsController#show as HTML
  Rendering tweets/show.html.erb within layouts/application
  [1m[36mTweet Load (0.2ms)[0m  [1m[34mSELECT "tweets".* FROM "tweets"[0m
  Rendered tweets/show.html.erb within layouts/application (4.6ms)
Completed 200 OK in 64ms (Views: 63.2ms | ActiveRecord: 0.2ms)


  [1m[36mActiveRecord::SchemaMigration Load (0.1ms)[0m  [1m[34mSELECT "schema_migrations".* FROM "schema_migrations"[0m
  [1m[35m (0.1ms)[0m  [1m[34mSELECT "ar_internal_metadata"."value" FROM "ar_internal_metadata" WHERE "ar_internal_metadata"."key" = ?[0m  [["key", "environment"]]
  [1m[36mActiveRecord::SchemaMigration Load (0.0ms)[0m  [1m[34mSELECT "schema_migrations".* FROM "schema_migrations"[0m
  [1m[35m (0.0ms)[0m  [1m[34mSELECT "ar_internal_metadata"."value" FROM "ar_internal_metadata" WHERE "ar_internal_metadata"."key" = ?[0m  [["key", "environment"]]
  [1m[36mActiveRecord::SchemaMigration Load (0.0ms)[0m  [1m[34mSELECT "schema_migrations".* FROM "schema_migrations"[0m
  [1m[35m (0.0ms)[0m  [1m[34mSELECT "ar_internal_metadata"."value" FROM "ar_internal_metadata" WHERE "ar_internal_metadata"."key" = ?[0m  [["key", "environment"]]
  [1m[35m (13.2ms)[0m  [1m[35mCREATE TABLE "tweets" ("id" INTEGER PRIMARY KEY AUTOINCREMENT NOT NULL, "username" text, "number" text, "question1" integer, "question2" integer, "question3" integer, "question4" integer, "question5" integer, "question6" integer, "question7" integer, "question8" integer, "question9" integer, "qustion10" integer, "result" integer, "created_at" datetime NOT NULL, "updated_at" datetime NOT NULL)[0m
  [1m[35m (10.9ms)[0m  [1m[35mCREATE TABLE "schema_migrations" ("version" varchar NOT NULL PRIMARY KEY)[0m
  [1m[35m (0.3ms)[0m  [1m[34mSELECT version FROM "schema_migrations"[0m
  [1m[35m (7.4ms)[0m  [1m[32mINSERT INTO "schema_migrations" (version) VALUES (20170806140327)[0m
  [1m[35m (5.2ms)[0m  [1m[35mCREATE TABLE "ar_internal_metadata" ("key" varchar NOT NULL PRIMARY KEY, "value" varchar, "created_at" datetime NOT NULL, "updated_at" datetime NOT NULL)[0m
  [1m[36mActiveRecord::InternalMetadata Load (0.2ms)[0m  [1m[34mSELECT  "ar_internal_metadata".* FROM "ar_internal_metadata" WHERE "ar_internal_metadata"."key" = ? LIMIT ?[0m  [["key", "environment"], ["LIMIT", 1]]
  [1m[35m (0.0ms)[0m  [1m[36mbegin transaction[0m
  [1m[35mSQL (0.2ms)[0m  [1m[32mINSERT INTO "ar_internal_metadata" ("key", "value", "created_at", "updated_at") VALUES (?, ?, ?, ?)[0m  [["key", "environment"], ["value", "development"], ["created_at", "2017-08-06 14:27:38.297154"], ["updated_at", "2017-08-06 14:27:38.297154"]]
  [1m[35m (10.2ms)[0m  [1m[36mcommit transaction[0m
  [1m[36mActiveRecord::InternalMetadata Load (0.1ms)[0m  [1m[34mSELECT  "ar_internal_metadata".* FROM "ar_internal_metadata" WHERE "ar_internal_metadata"."key" = ? LIMIT ?[0m  [["key", "environment"], ["LIMIT", 1]]
  [1m[35m (0.4ms)[0m  [1m[36mbegin transaction[0m
  [1m[35m (0.1ms)[0m  [1m[36mcommit transaction[0m
  [1m[35m (4.9ms)[0m  [1m[35mCREATE TABLE "tweets" ("id" INTEGER PRIMARY KEY AUTOINCREMENT NOT NULL, "username" text, "number" text, "question1" integer, "question2" integer, "question3" integer, "question4" integer, "question5" integer, "question6" integer, "question7" integer, "question8" integer, "question9" integer, "qustion10" integer, "result" integer, "created_at" datetime NOT NULL, "updated_at" datetime NOT NULL)[0m
  [1m[35m (45.6ms)[0m  [1m[35mCREATE TABLE "schema_migrations" ("version" varchar NOT NULL PRIMARY KEY)[0m
  [1m[35m (0.2ms)[0m  [1m[34mSELECT version FROM "schema_migrations"[0m
  [1m[35m (3.3ms)[0m  [1m[32mINSERT INTO "schema_migrations" (version) VALUES (20170806140327)[0m
  [1m[35m (10.1ms)[0m  [1m[35mCREATE TABLE "ar_internal_metadata" ("key" varchar NOT NULL PRIMARY KEY, "value" varchar, "created_at" datetime NOT NULL, "updated_at" datetime NOT NULL)[0m
  [1m[36mActiveRecord::InternalMetadata Load (0.3ms)[0m  [1m[34mSELECT  "ar_internal_metadata".* FROM "ar_internal_metadata" WHERE "ar_internal_metadata"."key" = ? LIMIT ?[0m  [["key", "environment"], ["LIMIT", 1]]
  [1m[35m (0.0ms)[0m  [1m[36mbegin transaction[0m
  [1m[35mSQL (0.2ms)[0m  [1m[32mINSERT INTO "ar_internal_metadata" ("key", "value", "created_at", "updated_at") VALUES (?, ?, ?, ?)[0m  [["key", "environment"], ["value", "development"], ["created_at", "2017-08-06 14:27:38.411281"], ["updated_at", "2017-08-06 14:27:38.411281"]]
  [1m[35m (6.7ms)[0m  [1m[36mcommit transaction[0m
  [1m[36mActiveRecord::InternalMetadata Load (0.1ms)[0m  [1m[34mSELECT  "ar_internal_metadata".* FROM "ar_internal_metadata" WHERE "ar_internal_metadata"."key" = ? LIMIT ?[0m  [["key", "environment"], ["LIMIT", 1]]
  [1m[35m (0.0ms)[0m  [1m[36mbegin transaction[0m
  [1m[35m (0.0ms)[0m  [1m[36mcommit transaction[0m
  [1m[36mActiveRecord::SchemaMigration Load (0.1ms)[0m  [1m[34mSELECT "schema_migrations".* FROM "schema_migrations"[0m
Started GET "/tweets/show" for 127.0.0.1 at 2017-08-06 23:27:49 +0900
  [1m[36mActiveRecord::SchemaMigration Load (0.1ms)[0m  [1m[34mSELECT "schema_migrations".* FROM "schema_migrations"[0m
Processing by TweetsController#show as HTML
  Rendering tweets/show.html.erb within layouts/application
  [1m[36mTweet Load (0.2ms)[0m  [1m[34mSELECT "tweets".* FROM "tweets"[0m
  Rendered tweets/show.html.erb within layouts/application (3.2ms)
Completed 200 OK in 252ms (Views: 229.8ms | ActiveRecord: 0.4ms)


Started GET "/tweets/show" for 127.0.0.1 at 2017-08-06 23:30:39 +0900
  [1m[36mActiveRecord::SchemaMigration Load (0.1ms)[0m  [1m[34mSELECT "schema_migrations".* FROM "schema_migrations"[0m
  
SyntaxError (/home/mikimiki/デスクトップ/NewSystem/app/controllers/tweets_controller.rb:7: syntax error, unexpected tSTRING_BEG, expecting ')'
    @tweet.order(:result "DESC")
                          ^
/home/mikimiki/デスクトップ/NewSystem/app/controllers/tweets_controller.rb:7: syntax error, unexpected ')', expecting keyword_end
/home/mikimiki/デスクトップ/NewSystem/app/controllers/tweets_controller.rb:31: syntax error, unexpected end-of-input, expecting keyword_end):
  
app/controllers/tweets_controller.rb:7: syntax error, unexpected tSTRING_BEG, expecting ')'
app/controllers/tweets_controller.rb:7: syntax error, unexpected ')', expecting keyword_end
app/controllers/tweets_controller.rb:31: syntax error, unexpected end-of-input, expecting keyword_end
  Rendering /var/lib/gems/2.3.0/gems/actionpack-5.0.4/lib/action_dispatch/middleware/templates/rescues/diagnostics.html.erb within rescues/layout
  Rendering /var/lib/gems/2.3.0/gems/actionpack-5.0.4/lib/action_dispatch/middleware/templates/rescues/_source.html.erb
  Rendered /var/lib/gems/2.3.0/gems/actionpack-5.0.4/lib/action_dispatch/middleware/templates/rescues/_source.html.erb (8.3ms)
  Rendering /var/lib/gems/2.3.0/gems/actionpack-5.0.4/lib/action_dispatch/middleware/templates/rescues/_trace.html.erb
  Rendered /var/lib/gems/2.3.0/gems/actionpack-5.0.4/lib/action_dispatch/middleware/templates/rescues/_trace.html.erb (10.3ms)
  Rendering /var/lib/gems/2.3.0/gems/actionpack-5.0.4/lib/action_dispatch/middleware/templates/rescues/_request_and_response.html.erb
  Rendered /var/lib/gems/2.3.0/gems/actionpack-5.0.4/lib/action_dispatch/middleware/templates/rescues/_request_and_response.html.erb (12.8ms)
  Rendered /var/lib/gems/2.3.0/gems/actionpack-5.0.4/lib/action_dispatch/middleware/templates/rescues/diagnostics.html.erb within rescues/layout (55.4ms)
Started GET "/tweets/show" for 127.0.0.1 at 2017-08-06 23:32:52 +0900
  [1m[36mActiveRecord::SchemaMigration Load (0.1ms)[0m  [1m[34mSELECT "schema_migrations".* FROM "schema_migrations"[0m
Processing by TweetsController#show as HTML
  Rendering tweets/show.html.erb within layouts/application
  [1m[36mTweet Load (0.2ms)[0m  [1m[34mSELECT "tweets".* FROM "tweets"[0m
  Rendered tweets/show.html.erb within layouts/application (8.7ms)
Completed 200 OK in 389ms (Views: 357.5ms | ActiveRecord: 1.1ms)


Started GET "/tweets/show" for 127.0.0.1 at 2017-08-06 23:33:32 +0900
  [1m[36mActiveRecord::SchemaMigration Load (0.1ms)[0m  [1m[34mSELECT "schema_migrations".* FROM "schema_migrations"[0m
Processing by TweetsController#show as HTML
  Rendering tweets/show.html.erb within layouts/application
  [1m[36mTweet Load (0.2ms)[0m  [1m[34mSELECT "tweets".* FROM "tweets"[0m
  Rendered tweets/show.html.erb within layouts/application (2.8ms)
Completed 200 OK in 249ms (Views: 216.6ms | ActiveRecord: 0.4ms)


Started GET "/tweets/new" for 127.0.0.1 at 2017-08-06 23:33:37 +0900
Processing by TweetsController#new as HTML
  Rendering tweets/new.html.erb within layouts/application
  Rendered tweets/new.html.erb within layouts/application (89.8ms)
Completed 200 OK in 117ms (Views: 115.1ms | ActiveRecord: 0.3ms)


Started POST "/tweets" for 127.0.0.1 at 2017-08-06 23:34:03 +0900
Processing by TweetsController#create as HTML
  Parameters: {"utf8"=>"✓", "authenticity_token"=>"0nPNJGJeh+97AeyvGix9bNC1Qn91nFOki+v7UfKNK1LNZUBjv07GiayWQdgrDxRop0dZ4dqRjcFgJprW5wIIVg==", "tweet"=>{"username"=>"谷口響", "number"=>"1146939", "question1"=>"1", "question2"=>"1", "question3"=>"3", "question4"=>"3", "question5"=>"3", "question6"=>"3", "question7"=>"3", "question8"=>"3", "question9"=>"3", "qustion10"=>"3"}, "commit"=>"送信する"}
  [1m[35m (0.4ms)[0m  [1m[36mbegin transaction[0m
  [1m[35mSQL (5.6ms)[0m  [1m[32mINSERT INTO "tweets" ("username", "number", "question1", "question2", "question3", "question4", "question5", "question6", "question7", "question8", "question9", "result", "created_at", "updated_at") VALUES (?, ?, ?, ?, ?, ?, ?, ?, ?, ?, ?, ?, ?, ?)[0m  [["username", "谷口響"], ["number", "1146939"], ["question1", 1], ["question2", 1], ["question3", 3], ["question4", 3], ["question5", 3], ["question6", 3], ["question7", 3], ["question8", 3], ["question9", 3], ["result", 26], ["created_at", "2017-08-06 14:34:03.730283"], ["updated_at", "2017-08-06 14:34:03.730283"]]
  [1m[35m (7.8ms)[0m  [1m[36mcommit transaction[0m
Redirected to http://localhost:3000/tweets/index
Completed 302 Found in 25ms (ActiveRecord: 13.8ms)


Started GET "/tweets/index" for 127.0.0.1 at 2017-08-06 23:34:03 +0900
Processing by TweetsController#index as HTML
  Rendering tweets/index.html.erb within layouts/application
  Rendered tweets/index.html.erb within layouts/application (6.1ms)
Completed 200 OK in 134ms (Views: 133.0ms | ActiveRecord: 0.0ms)


Started GET "/tweets/show" for 127.0.0.1 at 2017-08-06 23:34:06 +0900
Processing by TweetsController#show as HTML
  Rendering tweets/show.html.erb within layouts/application
  [1m[36mTweet Load (0.2ms)[0m  [1m[34mSELECT "tweets".* FROM "tweets"[0m
  Rendered tweets/show.html.erb within layouts/application (4.0ms)
Completed 200 OK in 62ms (Views: 60.3ms | ActiveRecord: 0.2ms)


Started POST "/tweets" for 127.0.0.1 at 2017-08-06 23:34:32 +0900
Processing by TweetsController#create as HTML
  Parameters: {"utf8"=>"✓", "authenticity_token"=>"0nPNJGJeh+97AeyvGix9bNC1Qn91nFOki+v7UfKNK1LNZUBjv07GiayWQdgrDxRop0dZ4dqRjcFgJprW5wIIVg==", "tweet"=>{"username"=>"阿南太郎", "number"=>"1146934", "question1"=>"1", "question2"=>"1", "question3"=>"5", "question4"=>"5", "question5"=>"5", "question6"=>"5", "question7"=>"5", "question8"=>"5", "question9"=>"5", "qustion10"=>"5"}, "commit"=>"送信する"}
  [1m[35m (0.2ms)[0m  [1m[36mbegin transaction[0m
  [1m[35mSQL (1.6ms)[0m  [1m[32mINSERT INTO "tweets" ("username", "number", "question1", "question2", "question3", "question4", "question5", "question6", "question7", "question8", "question9", "result", "created_at", "updated_at") VALUES (?, ?, ?, ?, ?, ?, ?, ?, ?, ?, ?, ?, ?, ?)[0m  [["username", "阿南太郎"], ["number", "1146934"], ["question1", 1], ["question2", 1], ["question3", 5], ["question4", 5], ["question5", 5], ["question6", 5], ["question7", 5], ["question8", 5], ["question9", 5], ["result", 42], ["created_at", "2017-08-06 14:34:32.325737"], ["updated_at", "2017-08-06 14:34:32.325737"]]
  [1m[35m (7.2ms)[0m  [1m[36mcommit transaction[0m
Redirected to http://localhost:3000/tweets/index
Completed 302 Found in 29ms (ActiveRecord: 9.0ms)


Started GET "/tweets/index" for 127.0.0.1 at 2017-08-06 23:34:32 +0900
Processing by TweetsController#index as HTML
  Rendering tweets/index.html.erb within layouts/application
  Rendered tweets/index.html.erb within layouts/application (0.3ms)
Completed 200 OK in 110ms (Views: 107.2ms | ActiveRecord: 0.0ms)


Started GET "/tweets/show" for 127.0.0.1 at 2017-08-06 23:34:34 +0900
Processing by TweetsController#show as HTML
  Rendering tweets/show.html.erb within layouts/application
  [1m[36mTweet Load (0.2ms)[0m  [1m[34mSELECT "tweets".* FROM "tweets"[0m
  Rendered tweets/show.html.erb within layouts/application (4.7ms)
Completed 200 OK in 76ms (Views: 74.0ms | ActiveRecord: 0.2ms)


Started GET "/tweets/show" for 127.0.0.1 at 2017-08-06 23:39:23 +0900
  [1m[36mActiveRecord::SchemaMigration Load (0.1ms)[0m  [1m[34mSELECT "schema_migrations".* FROM "schema_migrations"[0m
Processing by TweetsController#show as HTML
  Rendering tweets/show.html.erb within layouts/application
  [1m[36mTweet Load (0.2ms)[0m  [1m[34mSELECT "tweets".* FROM "tweets" ORDER BY result DESC[0m
  Rendered tweets/show.html.erb within layouts/application (12.6ms)
Completed 200 OK in 255ms (Views: 231.0ms | ActiveRecord: 0.6ms)


Started GET "/" for 127.0.0.1 at 2017-08-07 01:13:50 +0900
  [1m[36mActiveRecord::SchemaMigration Load (0.1ms)[0m  [1m[34mSELECT "schema_migrations".* FROM "schema_migrations"[0m
Processing by Rails::WelcomeController#index as HTML
  Parameters: {"internal"=>true}
  Rendering /var/lib/gems/2.3.0/gems/railties-5.0.4/lib/rails/templates/rails/welcome/index.html.erb
  Rendered /var/lib/gems/2.3.0/gems/railties-5.0.4/lib/rails/templates/rails/welcome/index.html.erb (69.5ms)
Completed 200 OK in 250ms (Views: 144.5ms | ActiveRecord: 0.0ms)


Started GET "/tweets/show" for 127.0.0.1 at 2017-08-07 01:14:02 +0900
Processing by TweetsController#show as HTML
  Rendering tweets/show.html.erb within layouts/application
  [1m[36mTweet Load (0.3ms)[0m  [1m[34mSELECT "tweets".* FROM "tweets" ORDER BY result DESC[0m
  Rendered tweets/show.html.erb within layouts/application (25.1ms)
Completed 200 OK in 1045ms (Views: 1026.8ms | ActiveRecord: 0.8ms)


Started GET "/tweets/show" for 127.0.0.1 at 2017-08-07 01:15:20 +0900
  [1m[36mActiveRecord::SchemaMigration Load (0.1ms)[0m  [1m[34mSELECT "schema_migrations".* FROM "schema_migrations"[0m
Processing by TweetsController#show as HTML
  Rendering tweets/show.html.erb within layouts/application
  [1m[36mTweet Load (0.2ms)[0m  [1m[34mSELECT "tweets".* FROM "tweets" ORDER BY result DESC[0m
  Rendered tweets/show.html.erb within layouts/application (12.3ms)
Completed 200 OK in 304ms (Views: 282.6ms | ActiveRecord: 0.7ms)


Started GET "/" for 127.0.0.1 at 2017-08-08 11:45:46 +0900
  [1m[36mActiveRecord::SchemaMigration Load (0.2ms)[0m  [1m[34mSELECT "schema_migrations".* FROM "schema_migrations"[0m
Processing by Rails::WelcomeController#index as HTML
  Parameters: {"internal"=>true}
  Rendering /var/lib/gems/2.3.0/gems/railties-5.0.4/lib/rails/templates/rails/welcome/index.html.erb
  Rendered /var/lib/gems/2.3.0/gems/railties-5.0.4/lib/rails/templates/rails/welcome/index.html.erb (118.9ms)
Completed 200 OK in 356ms (Views: 250.4ms | ActiveRecord: 0.0ms)


Started GET "/users/new" for 127.0.0.1 at 2017-08-08 11:47:00 +0900
  
ActionController::RoutingError (No route matches [GET] "/users/new"):
  
actionpack (5.0.4) lib/action_dispatch/middleware/debug_exceptions.rb:53:in `call'
web-console (3.5.1) lib/web_console/middleware.rb:135:in `call_app'
web-console (3.5.1) lib/web_console/middleware.rb:28:in `block in call'
web-console (3.5.1) lib/web_console/middleware.rb:18:in `catch'
web-console (3.5.1) lib/web_console/middleware.rb:18:in `call'
actionpack (5.0.4) lib/action_dispatch/middleware/show_exceptions.rb:31:in `call'
railties (5.0.4) lib/rails/rack/logger.rb:36:in `call_app'
railties (5.0.4) lib/rails/rack/logger.rb:24:in `block in call'
activesupport (5.0.4) lib/active_support/tagged_logging.rb:69:in `block in tagged'
activesupport (5.0.4) lib/active_support/tagged_logging.rb:26:in `tagged'
activesupport (5.0.4) lib/active_support/tagged_logging.rb:69:in `tagged'
railties (5.0.4) lib/rails/rack/logger.rb:24:in `call'
sprockets-rails (3.2.0) lib/sprockets/rails/quiet_assets.rb:13:in `call'
actionpack (5.0.4) lib/action_dispatch/middleware/request_id.rb:24:in `call'
rack (2.0.3) lib/rack/method_override.rb:22:in `call'
rack (2.0.3) lib/rack/runtime.rb:22:in `call'
activesupport (5.0.4) lib/active_support/cache/strategy/local_cache_middleware.rb:28:in `call'
actionpack (5.0.4) lib/action_dispatch/middleware/executor.rb:12:in `call'
actionpack (5.0.4) lib/action_dispatch/middleware/static.rb:136:in `call'
rack (2.0.3) lib/rack/sendfile.rb:111:in `call'
railties (5.0.4) lib/rails/engine.rb:522:in `call'
puma (3.9.1) lib/puma/configuration.rb:224:in `call'
puma (3.9.1) lib/puma/server.rb:602:in `handle_request'
puma (3.9.1) lib/puma/server.rb:435:in `process_client'
puma (3.9.1) lib/puma/server.rb:299:in `block in run'
puma (3.9.1) lib/puma/thread_pool.rb:120:in `block in spawn_thread'
  Rendering /var/lib/gems/2.3.0/gems/actionpack-5.0.4/lib/action_dispatch/middleware/templates/rescues/routing_error.html.erb within rescues/layout
  Rendering /var/lib/gems/2.3.0/gems/actionpack-5.0.4/lib/action_dispatch/middleware/templates/rescues/_trace.html.erb
  Rendered /var/lib/gems/2.3.0/gems/actionpack-5.0.4/lib/action_dispatch/middleware/templates/rescues/_trace.html.erb (1.2ms)
  Rendered collection of /var/lib/gems/2.3.0/gems/actionpack-5.0.4/lib/action_dispatch/middleware/templates/routes/_route.html.erb [4 times] (61.6ms)
  Rendered /var/lib/gems/2.3.0/gems/actionpack-5.0.4/lib/action_dispatch/middleware/templates/routes/_table.html.erb (78.8ms)
  Rendering /var/lib/gems/2.3.0/gems/actionpack-5.0.4/lib/action_dispatch/middleware/templates/rescues/_request_and_response.html.erb
  Rendered /var/lib/gems/2.3.0/gems/actionpack-5.0.4/lib/action_dispatch/middleware/templates/rescues/_request_and_response.html.erb (15.4ms)
  Rendered /var/lib/gems/2.3.0/gems/actionpack-5.0.4/lib/action_dispatch/middleware/templates/rescues/routing_error.html.erb within rescues/layout (394.8ms)
Started GET "/user/new" for 127.0.0.1 at 2017-08-08 11:47:08 +0900
  
ActionController::RoutingError (No route matches [GET] "/user/new"):
  
actionpack (5.0.4) lib/action_dispatch/middleware/debug_exceptions.rb:53:in `call'
web-console (3.5.1) lib/web_console/middleware.rb:135:in `call_app'
web-console (3.5.1) lib/web_console/middleware.rb:28:in `block in call'
web-console (3.5.1) lib/web_console/middleware.rb:18:in `catch'
web-console (3.5.1) lib/web_console/middleware.rb:18:in `call'
actionpack (5.0.4) lib/action_dispatch/middleware/show_exceptions.rb:31:in `call'
railties (5.0.4) lib/rails/rack/logger.rb:36:in `call_app'
railties (5.0.4) lib/rails/rack/logger.rb:24:in `block in call'
activesupport (5.0.4) lib/active_support/tagged_logging.rb:69:in `block in tagged'
activesupport (5.0.4) lib/active_support/tagged_logging.rb:26:in `tagged'
activesupport (5.0.4) lib/active_support/tagged_logging.rb:69:in `tagged'
railties (5.0.4) lib/rails/rack/logger.rb:24:in `call'
sprockets-rails (3.2.0) lib/sprockets/rails/quiet_assets.rb:13:in `call'
actionpack (5.0.4) lib/action_dispatch/middleware/request_id.rb:24:in `call'
rack (2.0.3) lib/rack/method_override.rb:22:in `call'
rack (2.0.3) lib/rack/runtime.rb:22:in `call'
activesupport (5.0.4) lib/active_support/cache/strategy/local_cache_middleware.rb:28:in `call'
actionpack (5.0.4) lib/action_dispatch/middleware/executor.rb:12:in `call'
actionpack (5.0.4) lib/action_dispatch/middleware/static.rb:136:in `call'
rack (2.0.3) lib/rack/sendfile.rb:111:in `call'
railties (5.0.4) lib/rails/engine.rb:522:in `call'
puma (3.9.1) lib/puma/configuration.rb:224:in `call'
puma (3.9.1) lib/puma/server.rb:602:in `handle_request'
puma (3.9.1) lib/puma/server.rb:435:in `process_client'
puma (3.9.1) lib/puma/server.rb:299:in `block in run'
puma (3.9.1) lib/puma/thread_pool.rb:120:in `block in spawn_thread'
  Rendering /var/lib/gems/2.3.0/gems/actionpack-5.0.4/lib/action_dispatch/middleware/templates/rescues/routing_error.html.erb within rescues/layout
  Rendering /var/lib/gems/2.3.0/gems/actionpack-5.0.4/lib/action_dispatch/middleware/templates/rescues/_trace.html.erb
  Rendered /var/lib/gems/2.3.0/gems/actionpack-5.0.4/lib/action_dispatch/middleware/templates/rescues/_trace.html.erb (15.5ms)
  Rendered collection of /var/lib/gems/2.3.0/gems/actionpack-5.0.4/lib/action_dispatch/middleware/templates/routes/_route.html.erb [4 times] (21.2ms)
  Rendered /var/lib/gems/2.3.0/gems/actionpack-5.0.4/lib/action_dispatch/middleware/templates/routes/_table.html.erb (15.9ms)
  Rendering /var/lib/gems/2.3.0/gems/actionpack-5.0.4/lib/action_dispatch/middleware/templates/rescues/_request_and_response.html.erb
  Rendered /var/lib/gems/2.3.0/gems/actionpack-5.0.4/lib/action_dispatch/middleware/templates/rescues/_request_and_response.html.erb (3.5ms)
  Rendered /var/lib/gems/2.3.0/gems/actionpack-5.0.4/lib/action_dispatch/middleware/templates/rescues/routing_error.html.erb within rescues/layout (122.4ms)
Started GET "/tweets/new" for 127.0.0.1 at 2017-08-08 11:47:16 +0900
Processing by TweetsController#new as HTML
  Rendering tweets/new.html.erb within layouts/application
  Rendered tweets/new.html.erb within layouts/application (407.9ms)
Completed 200 OK in 4417ms (Views: 4373.0ms | ActiveRecord: 7.2ms)


Started GET "/tweets/show" for 127.0.0.1 at 2017-08-08 11:47:43 +0900
Processing by TweetsController#show as HTML
  Rendering tweets/show.html.erb within layouts/application
  [1m[36mTweet Load (0.4ms)[0m  [1m[34mSELECT "tweets".* FROM "tweets" ORDER BY result DESC[0m
  Rendered tweets/show.html.erb within layouts/application (5.8ms)
Completed 200 OK in 320ms (Views: 292.0ms | ActiveRecord: 0.4ms)


Started GET "/tweets/show" for 127.0.0.1 at 2017-08-08 11:49:51 +0900
Processing by TweetsController#show as HTML
  Rendering tweets/show.html.erb within layouts/application
  [1m[36mTweet Load (0.8ms)[0m  [1m[34mSELECT "tweets".* FROM "tweets" ORDER BY result DESC[0m
  Rendered tweets/show.html.erb within layouts/application (24.5ms)
Completed 200 OK in 175ms (Views: 168.0ms | ActiveRecord: 0.8ms)


Started POST "/tweets" for 127.0.0.1 at 2017-08-08 11:50:18 +0900
Processing by TweetsController#create as HTML
  Parameters: {"utf8"=>"✓", "authenticity_token"=>"z1ImBNi1RP+UXlJYLU8dhmXQLD7+7s0AwV9mO+AiJNp5K6GI+7NhYDQdw8pHSzAAXsKon3jij3rWHKeyyBCSvg==", "tweet"=>{"username"=>"gggg", "number"=>"1234", "question1"=>"1", "question2"=>"1", "question3"=>"3", "question4"=>"3", "question5"=>"2", "question6"=>"1", "question7"=>"4", "question8"=>"2", "question9"=>"4", "qustion10"=>"4"}, "commit"=>"送信する"}
  [1m[35m (0.1ms)[0m  [1m[36mbegin transaction[0m
  [1m[35mSQL (0.4ms)[0m  [1m[32mINSERT INTO "tweets" ("username", "number", "question1", "question2", "question3", "question4", "question5", "question6", "question7", "question8", "question9", "result", "created_at", "updated_at") VALUES (?, ?, ?, ?, ?, ?, ?, ?, ?, ?, ?, ?, ?, ?)[0m  [["username", "gggg"], ["number", "1234"], ["question1", 1], ["question2", 1], ["question3", 3], ["question4", 3], ["question5", 2], ["question6", 1], ["question7", 4], ["question8", 2], ["question9", 4], ["result", 25], ["created_at", "2017-08-08 02:50:18.441961"], ["updated_at", "2017-08-08 02:50:18.441961"]]
  [1m[35m (21.8ms)[0m  [1m[36mcommit transaction[0m
Redirected to http://localhost:3000/tweets/index
Completed 302 Found in 50ms (ActiveRecord: 22.3ms)


Started GET "/tweets/index" for 127.0.0.1 at 2017-08-08 11:50:18 +0900
Processing by TweetsController#index as HTML
  Rendering tweets/index.html.erb within layouts/application
  Rendered tweets/index.html.erb within layouts/application (2.1ms)
Completed 200 OK in 150ms (Views: 137.0ms | ActiveRecord: 0.0ms)


Started GET "/tweets/show" for 127.0.0.1 at 2017-08-08 11:50:21 +0900
Processing by TweetsController#show as HTML
  Rendering tweets/show.html.erb within layouts/application
  [1m[36mTweet Load (0.3ms)[0m  [1m[34mSELECT "tweets".* FROM "tweets" ORDER BY result DESC[0m
  Rendered tweets/show.html.erb within layouts/application (12.8ms)
Completed 200 OK in 123ms (Views: 120.8ms | ActiveRecord: 0.3ms)


Started POST "/tweets" for 127.0.0.1 at 2017-08-08 11:51:20 +0900
Processing by TweetsController#create as HTML
  Parameters: {"utf8"=>"✓", "authenticity_token"=>"z1ImBNi1RP+UXlJYLU8dhmXQLD7+7s0AwV9mO+AiJNp5K6GI+7NhYDQdw8pHSzAAXsKon3jij3rWHKeyyBCSvg==", "tweet"=>{"username"=>"4748", "number"=>"1234", "question1"=>"1", "question2"=>"1", "question3"=>"3", "question4"=>"3", "question5"=>"2", "question6"=>"1", "question7"=>"4", "question8"=>"2", "question9"=>"4", "qustion10"=>"4"}, "commit"=>"送信する"}
  [1m[35m (0.1ms)[0m  [1m[36mbegin transaction[0m
  [1m[35mSQL (15.4ms)[0m  [1m[32mINSERT INTO "tweets" ("username", "number", "question1", "question2", "question3", "question4", "question5", "question6", "question7", "question8", "question9", "result", "created_at", "updated_at") VALUES (?, ?, ?, ?, ?, ?, ?, ?, ?, ?, ?, ?, ?, ?)[0m  [["username", "4748"], ["number", "1234"], ["question1", 1], ["question2", 1], ["question3", 3], ["question4", 3], ["question5", 2], ["question6", 1], ["question7", 4], ["question8", 2], ["question9", 4], ["result", 25], ["created_at", "2017-08-08 02:51:20.897773"], ["updated_at", "2017-08-08 02:51:20.897773"]]
  [1m[35m (5.2ms)[0m  [1m[36mcommit transaction[0m
Redirected to http://localhost:3000/tweets/index
Completed 302 Found in 31ms (ActiveRecord: 20.6ms)


Started GET "/tweets/index" for 127.0.0.1 at 2017-08-08 11:51:21 +0900
Processing by TweetsController#index as HTML
  Rendering tweets/index.html.erb within layouts/application
  Rendered tweets/index.html.erb within layouts/application (0.3ms)
Completed 200 OK in 102ms (Views: 101.1ms | ActiveRecord: 0.0ms)


Started POST "/tweets" for 127.0.0.1 at 2017-08-08 11:53:56 +0900
Processing by TweetsController#create as HTML
  Parameters: {"utf8"=>"✓", "authenticity_token"=>"z1ImBNi1RP+UXlJYLU8dhmXQLD7+7s0AwV9mO+AiJNp5K6GI+7NhYDQdw8pHSzAAXsKon3jij3rWHKeyyBCSvg==", "tweet"=>{"username"=>"4748", "number"=>"kirinn21", "question1"=>"1", "question2"=>"1", "question3"=>"3", "question4"=>"3", "question5"=>"2", "question6"=>"1", "question7"=>"4", "question8"=>"2", "question9"=>"4", "qustion10"=>"4"}, "commit"=>"送信する"}
  [1m[35m (8.0ms)[0m  [1m[36mbegin transaction[0m
  [1m[35mSQL (5.3ms)[0m  [1m[32mINSERT INTO "tweets" ("username", "number", "question1", "question2", "question3", "question4", "question5", "question6", "question7", "question8", "question9", "result", "created_at", "updated_at") VALUES (?, ?, ?, ?, ?, ?, ?, ?, ?, ?, ?, ?, ?, ?)[0m  [["username", "4748"], ["number", "kirinn21"], ["question1", 1], ["question2", 1], ["question3", 3], ["question4", 3], ["question5", 2], ["question6", 1], ["question7", 4], ["question8", 2], ["question9", 4], ["result", 25], ["created_at", "2017-08-08 02:53:56.721893"], ["updated_at", "2017-08-08 02:53:56.721893"]]
  [1m[35m (60.8ms)[0m  [1m[36mcommit transaction[0m
Redirected to http://localhost:3000/tweets/index
Completed 302 Found in 96ms (ActiveRecord: 74.2ms)


Started GET "/tweets/index" for 127.0.0.1 at 2017-08-08 11:53:56 +0900
Processing by TweetsController#index as HTML
  Rendering tweets/index.html.erb within layouts/application
  Rendered tweets/index.html.erb within layouts/application (0.8ms)
Completed 200 OK in 85ms (Views: 84.4ms | ActiveRecord: 0.0ms)


Started GET "/tweets/show" for 127.0.0.1 at 2017-08-08 11:54:04 +0900
Processing by TweetsController#show as HTML
  Rendering tweets/show.html.erb within layouts/application
  [1m[36mTweet Load (1.2ms)[0m  [1m[34mSELECT "tweets".* FROM "tweets" ORDER BY result DESC[0m
  Rendered tweets/show.html.erb within layouts/application (10.8ms)
Completed 200 OK in 92ms (Views: 90.2ms | ActiveRecord: 1.2ms)


